This is pdfTeX, Version 3.14159265-2.6-1.40.16 (TeX Live 2015) (preloaded format=pdflatex 2015.5.24)  17 AUG 2016 17:11
entering extended mode
 restricted \write18 enabled.
 file:line:error style messages enabled.
 %&-line parsing enabled.
**PCDB_codebook_header.tex
(./PCDB_codebook_header.tex
LaTeX2e <2015/01/01>
Babel <3.9l> and hyphenation patterns for 79 languages loaded.
(/usr/local/texlive/2015/texmf-dist/tex/latex/koma-script/scrreprt.cls
Document Class: scrreprt 2015/05/06 v3.17a KOMA-Script document class (report)
(/usr/local/texlive/2015/texmf-dist/tex/latex/koma-script/scrkbase.sty
Package: scrkbase 2015/05/06 v3.17a KOMA-Script package (KOMA-Script-dependent 
basics and keyval usage)

(/usr/local/texlive/2015/texmf-dist/tex/latex/koma-script/scrbase.sty
Package: scrbase 2015/05/06 v3.17a KOMA-Script package (KOMA-Script-independent
 basics and keyval usage)

(/usr/local/texlive/2015/texmf-dist/tex/latex/graphics/keyval.sty
Package: keyval 2014/10/28 v1.15 key=value parser (DPC)
\KV@toks@=\toks14
)
(/usr/local/texlive/2015/texmf-dist/tex/latex/koma-script/scrlfile.sty
Package: scrlfile 2015/05/06 v3.17a KOMA-Script package (loading files)

Package scrlfile, 2015/05/06 v3.17a KOMA-Script package (loading files)
                  Copyright (C) Markus Kohm

))) (/usr/local/texlive/2015/texmf-dist/tex/latex/koma-script/tocbasic.sty
Package: tocbasic 2015/05/06 v3.17a KOMA-Script package (handling toc-files)
)
Package tocbasic Info: omitting babel extension for `toc'
(tocbasic)             because of feature `nobabel' available
(tocbasic)             for `toc' on input line 124.
Package tocbasic Info: omitting babel extension for `lof'
(tocbasic)             because of feature `nobabel' available
(tocbasic)             for `lof' on input line 125.
Package tocbasic Info: omitting babel extension for `lot'
(tocbasic)             because of feature `nobabel' available
(tocbasic)             for `lot' on input line 126.
Package tocbasic Info: defining new hook before heading of `' on input line 155
2.
Class scrreprt Info: You've used standard option `oneside'.
(scrreprt)           This is correct!
(scrreprt)           Internally I'm using `twoside=false'.
(scrreprt)           If you'd like to set the option with \KOMAoptions,
(scrreprt)           you'd have to use `twoside=false' there
(scrreprt)           instead of `oneside', too.
Class scrreprt Info: File `scrsize12pt.clo' used to setup font sizes on input l
ine 2149.

(/usr/local/texlive/2015/texmf-dist/tex/latex/koma-script/scrsize12pt.clo
File: scrsize12pt.clo 2015/05/06 v3.17a KOMA-Script font size class option (12p
t)
)
(/usr/local/texlive/2015/texmf-dist/tex/latex/koma-script/typearea.sty
Package: typearea 2015/05/06 v3.17a KOMA-Script package (type area)

Package typearea, 2015/05/06 v3.17a KOMA-Script package (type area)
                  Copyright (C) Frank Neukam, 1992-1994
                  Copyright (C) Markus Kohm, 1994-

\ta@bcor=\skip41
\ta@div=\count79
Package typearea Info: You've used standard option `oneside'.
(typearea)             This is correct!
(typearea)             Internally I'm using `twoside=false'.
(typearea)             If you'd like to set the option with \KOMAoptions,
(typearea)             you'd have to use `twoside=false' there
(typearea)             instead of `oneside', too.
\ta@hblk=\skip42
\ta@vblk=\skip43
\ta@temp=\skip44
\footheight=\skip45
Package typearea Info: These are the values describing the layout:
(typearea)             DIV  = 13
(typearea)             BCOR = 0.0pt
(typearea)             \paperwidth      = 597.50793pt
(typearea)              \textwidth      = 459.6215pt
(typearea)              DIV departure   = -9%
(typearea)              \evensidemargin = -3.32678pt
(typearea)              \oddsidemargin  = -3.32678pt
(typearea)             \paperheight     = 845.04694pt
(typearea)              \textheight     = 664.5pt
(typearea)              \topmargin      = -47.14139pt
(typearea)              \headheight     = 18.125pt
(typearea)              \headsep        = 21.75pt
(typearea)              \topskip        = 12.0pt
(typearea)              \footskip       = 50.75pt
(typearea)              \baselineskip   = 14.5pt
(typearea)              on input line 1485.
)
\c@part=\count80
\c@chapter=\count81
\c@section=\count82
\c@subsection=\count83
\c@subsubsection=\count84
\c@paragraph=\count85
\c@subparagraph=\count86
LaTeX Info: Redefining \textsubscript on input line 4417.
\abovecaptionskip=\skip46
\belowcaptionskip=\skip47
\c@pti@nb@sid@b@x=\box26
\c@figure=\count87
\c@table=\count88
\bibindent=\dimen102
) (/usr/local/texlive/2015/texmf-dist/tex/latex/hyperref/hyperref.sty
Package: hyperref 2012/11/06 v6.83m Hypertext links for LaTeX

(/usr/local/texlive/2015/texmf-dist/tex/generic/oberdiek/hobsub-hyperref.sty
Package: hobsub-hyperref 2012/05/28 v1.13 Bundle oberdiek, subset hyperref (HO)


(/usr/local/texlive/2015/texmf-dist/tex/generic/oberdiek/hobsub-generic.sty
Package: hobsub-generic 2012/05/28 v1.13 Bundle oberdiek, subset generic (HO)
Package: hobsub 2012/05/28 v1.13 Construct package bundles (HO)
Package: infwarerr 2010/04/08 v1.3 Providing info/warning/error messages (HO)
Package: ltxcmds 2011/11/09 v1.22 LaTeX kernel commands for general use (HO)
Package: ifluatex 2010/03/01 v1.3 Provides the ifluatex switch (HO)
Package ifluatex Info: LuaTeX not detected.
Package: ifvtex 2010/03/01 v1.5 Detect VTeX and its facilities (HO)
Package ifvtex Info: VTeX not detected.
Package: intcalc 2007/09/27 v1.1 Expandable calculations with integers (HO)
Package: ifpdf 2011/01/30 v2.3 Provides the ifpdf switch (HO)
Package ifpdf Info: pdfTeX in PDF mode is detected.
Package: etexcmds 2011/02/16 v1.5 Avoid name clashes with e-TeX commands (HO)
Package etexcmds Info: Could not find \expanded.
(etexcmds)             That can mean that you are not using pdfTeX 1.50 or
(etexcmds)             that some package has redefined \expanded.
(etexcmds)             In the latter case, load this package earlier.
Package: kvsetkeys 2012/04/25 v1.16 Key value parser (HO)
Package: kvdefinekeys 2011/04/07 v1.3 Define keys (HO)
Package: pdftexcmds 2011/11/29 v0.20 Utility functions of pdfTeX for LuaTeX (HO
)
Package pdftexcmds Info: LuaTeX not detected.
Package pdftexcmds Info: \pdf@primitive is available.
Package pdftexcmds Info: \pdf@ifprimitive is available.
Package pdftexcmds Info: \pdfdraftmode found.
Package: pdfescape 2011/11/25 v1.13 Implements pdfTeX's escape features (HO)
Package: bigintcalc 2012/04/08 v1.3 Expandable calculations on big integers (HO
)
Package: bitset 2011/01/30 v1.1 Handle bit-vector datatype (HO)
Package: uniquecounter 2011/01/30 v1.2 Provide unlimited unique counter (HO)
)
Package hobsub Info: Skipping package `hobsub' (already loaded).
Package: letltxmacro 2010/09/02 v1.4 Let assignment for LaTeX macros (HO)
Package: hopatch 2012/05/28 v1.2 Wrapper for package hooks (HO)
Package: xcolor-patch 2011/01/30 xcolor patch
Package: atveryend 2011/06/30 v1.8 Hooks at the very end of document (HO)
Package atveryend Info: \enddocument detected (standard20110627).
Package: atbegshi 2011/10/05 v1.16 At begin shipout hook (HO)
Package: refcount 2011/10/16 v3.4 Data extraction from label references (HO)
Package: hycolor 2011/01/30 v1.7 Color options for hyperref/bookmark (HO)
)
(/usr/local/texlive/2015/texmf-dist/tex/generic/ifxetex/ifxetex.sty
Package: ifxetex 2010/09/12 v0.6 Provides ifxetex conditional
)
(/usr/local/texlive/2015/texmf-dist/tex/latex/oberdiek/auxhook.sty
Package: auxhook 2011/03/04 v1.3 Hooks for auxiliary files (HO)
)
(/usr/local/texlive/2015/texmf-dist/tex/latex/oberdiek/kvoptions.sty
Package: kvoptions 2011/06/30 v3.11 Key value format for package options (HO)
)
\@linkdim=\dimen103
\Hy@linkcounter=\count89
\Hy@pagecounter=\count90

(/usr/local/texlive/2015/texmf-dist/tex/latex/hyperref/pd1enc.def
File: pd1enc.def 2012/11/06 v6.83m Hyperref: PDFDocEncoding definition (HO)
)
\Hy@SavedSpaceFactor=\count91

(/usr/local/texlive/2015/texmf-dist/tex/latex/latexconfig/hyperref.cfg
File: hyperref.cfg 2002/06/06 v1.2 hyperref configuration of TeXLive
)
Package hyperref Info: Hyper figures OFF on input line 4443.
Package hyperref Info: Link nesting OFF on input line 4448.
Package hyperref Info: Hyper index ON on input line 4451.
Package hyperref Info: Plain pages OFF on input line 4458.
Package hyperref Info: Backreferencing ON on input line 4461.
Package hyperref Info: Implicit mode ON; LaTeX internals redefined.
Package hyperref Info: Bookmarks ON on input line 4688.

(/usr/local/texlive/2015/texmf-dist/tex/latex/hyperref/backref.sty
Package: backref 2012/07/25 v1.38 Bibliographical back referencing

(/usr/local/texlive/2015/texmf-dist/tex/latex/oberdiek/rerunfilecheck.sty
Package: rerunfilecheck 2011/04/15 v1.7 Rerun checks for auxiliary files (HO)
Package uniquecounter Info: New unique counter `rerunfilecheck' on input line 2
82.
))
\c@Hy@tempcnt=\count92

(/usr/local/texlive/2015/texmf-dist/tex/latex/url/url.sty
\Urlmuskip=\muskip10
Package: url 2013/09/16  ver 3.4  Verb mode for urls, etc.
)
LaTeX Info: Redefining \url on input line 5041.
\XeTeXLinkMargin=\dimen104
\Fld@menulength=\count93
\Field@Width=\dimen105
\Fld@charsize=\dimen106
Package hyperref Info: Hyper figures OFF on input line 6295.
Package hyperref Info: Link nesting OFF on input line 6300.
Package hyperref Info: Hyper index ON on input line 6303.
Package hyperref Info: backreferencing ON on input line 6308.
Package hyperref Info: Link coloring OFF on input line 6315.
Package hyperref Info: Link coloring with OCG OFF on input line 6320.
Package hyperref Info: PDF/A mode OFF on input line 6325.
LaTeX Info: Redefining \ref on input line 6365.
LaTeX Info: Redefining \pageref on input line 6369.
\Hy@abspage=\count94
\c@Item=\count95
\c@Hfootnote=\count96
)

Package hyperref Message: Driver (autodetected): hpdftex.

(/usr/local/texlive/2015/texmf-dist/tex/latex/hyperref/hpdftex.def
File: hpdftex.def 2012/11/06 v6.83m Hyperref driver for pdfTeX
\Fld@listcount=\count97
\c@bookmark@seq@number=\count98
\Hy@SectionHShift=\skip48
)
(/usr/local/texlive/2015/texmf-dist/tex/latex/footnotebackref/footnotebackref.s
ty
Package: footnotebackref 2012/07/01 v1.0 Backreferences for footnotes (Holger L
ange)
\c@BackrefHyperFootnoteCounter=\count99
) (/usr/local/texlive/2015/texmf-dist/tex/latex/xcolor/xcolor.sty
Package: xcolor 2007/01/21 v2.11 LaTeX color extensions (UK)

(/usr/local/texlive/2015/texmf-dist/tex/latex/latexconfig/color.cfg
File: color.cfg 2007/01/18 v1.5 color configuration of teTeX/TeXLive
)
Package xcolor Info: Driver file: pdftex.def on input line 225.

(/usr/local/texlive/2015/texmf-dist/tex/latex/pdftex-def/pdftex.def
File: pdftex.def 2011/05/27 v0.06d Graphics/color for pdfTeX
\Gread@gobject=\count100
)
Package xcolor Info: Model `cmy' substituted by `cmy0' on input line 1337.
Package xcolor Info: Model `hsb' substituted by `rgb' on input line 1341.
Package xcolor Info: Model `RGB' extended on input line 1353.
Package xcolor Info: Model `HTML' substituted by `rgb' on input line 1355.
Package xcolor Info: Model `Hsb' substituted by `hsb' on input line 1356.
Package xcolor Info: Model `tHsb' substituted by `hsb' on input line 1357.
Package xcolor Info: Model `HSB' substituted by `hsb' on input line 1358.
Package xcolor Info: Model `Gray' substituted by `gray' on input line 1359.
Package xcolor Info: Model `wave' substituted by `hsb' on input line 1360.

(/usr/local/texlive/2015/texmf-dist/tex/latex/xcolor/svgnam.def
File: svgnam.def 2007/01/21 v2.11 Predefined colors according to SVG 1.1 (UK)
))
Package hyperref Info: Option `colorlinks' set `false' on input line 21.

(/usr/local/texlive/2015/texmf-dist/tex/latex/natbib/natbib.sty
Package: natbib 2010/09/13 8.31b (PWD, AO)
\bibhang=\skip49
\bibsep=\skip50
LaTeX Info: Redefining \cite on input line 694.
\c@NAT@ctr=\count101
)
(/usr/local/texlive/2015/texmf-dist/tex/latex/cite/cite.sty
LaTeX Info: Redefining \cite on input line 302.
LaTeX Info: Redefining \nocite on input line 332.
Package: cite 2015/02/27  v 5.5
)
(/usr/local/texlive/2015/texmf-dist/tex/latex/koma-script/scrpage2.sty
Package: scrpage2 2015/05/06 v3.17a KOMA-Script package (page head and foot)
LaTeX Info: Redefining \pagemark on input line 174.
)
(/usr/local/texlive/2015/texmf-dist/tex/latex/koma-script/scrdate.sty
Package: scrdate 2015/05/06 v3.17a KOMA-Script package (day of the week)
Package scrdate Info: Language naustrian not defined.
(scrdate)             \dayname@naustrian skipped.
Package scrdate Info: Language austrian not defined.
(scrdate)             \dayname@austrian skipped.
Package scrdate Info: Language nswissgerman not defined.
(scrdate)             \dayname@nswissgerman skipped.
Package scrdate Info: Language australian not defined.
(scrdate)             \dayname@australian skipped.
Package scrdate Info: Language canadian not defined.
(scrdate)             \dayname@canadian skipped.
Package scrdate Info: Language newzealand not defined.
(scrdate)             \dayname@newzealand skipped.
Package scrdate Info: Language acadian not defined.
(scrdate)             \dayname@acadian skipped.
Package scrdate Info: Language canadien not defined.
(scrdate)             \dayname@canadien skipped.
)
(/usr/local/texlive/2015/texmf-dist/tex/latex/datetime/datetime.sty
Package: datetime 2015/03/20 v2.60 Date Time Package

(/usr/local/texlive/2015/texmf-dist/tex/latex/etoolbox/etoolbox.sty
Package: etoolbox 2015/05/04 v2.2 e-TeX tools for LaTeX (JAW)
\etb@tempcnta=\count102
)
(/usr/local/texlive/2015/texmf-dist/tex/latex/fmtcount/fmtcount.sty
Package: fmtcount 2015/05/05 v3.01

(/usr/local/texlive/2015/texmf-dist/tex/latex/base/ifthen.sty
Package: ifthen 2014/09/29 v1.1c Standard LaTeX ifthen package (DPC)
)
(/usr/local/texlive/2015/texmf-dist/tex/latex/xkeyval/xkeyval.sty
Package: xkeyval 2014/12/03 v2.7a package option processing (HA)

(/usr/local/texlive/2015/texmf-dist/tex/generic/xkeyval/xkeyval.tex
(/usr/local/texlive/2015/texmf-dist/tex/generic/xkeyval/xkvutils.tex
\XKV@toks=\toks15
\XKV@tempa@toks=\toks16
)
\XKV@depth=\count103
File: xkeyval.tex 2014/12/03 v2.7a key=value parser (HA)
))
(/usr/local/texlive/2015/texmf-dist/tex/latex/fmtcount/fcprefix.sty
Package: fcprefix 2012/09/28

(/usr/local/texlive/2015/texmf-dist/tex/latex/fmtcount/fcnumparser.sty
Package: fcnumparser 2012/09/28
\fc@digit@counter=\count104
))
(/usr/local/texlive/2015/texmf-dist/tex/latex/amsmath/amsgen.sty
File: amsgen.sty 1999/11/30 v2.0
\@emptytoks=\toks17
\ex@=\dimen107
)
\c@padzeroesN=\count105
\fc@tmpcatcode=\count106

(/usr/local/texlive/2015/texmf-dist/tex/latex/fmtcount/fc-english.def
File: fc-english.def 2013/08/17
)
\@DT@modctr=\count107
\@ordinalctr=\count108
\@orgargctr=\count109
\@strctr=\count110
\@tmpstrctr=\count111
\@DT@loopN=\count112
\@DT@X=\count113
)
(/usr/local/texlive/2015/texmf-dist/tex/latex/datetime/datetime-defaults.sty
Package: datetime-defaults 2013/09/10
)
\@day=\count114
\@month=\count115
\@year=\count116
\c@HOUR=\count117
\c@HOURXII=\count118
\c@MINUTE=\count119
\c@TOHOUR=\count120
\c@TOMINUTE=\count121
\c@SECOND=\count122
\currenthour=\count123
\currentminute=\count124
\currentsecond=\count125
Package datetime Info: No datetime.cfg file found, using default settings on in
put line 308.
\@dtctr=\count126
\dayofyear=\count127
\dayofweek=\count128
LaTeX Info: Redefining \today on input line 736.
\dt@a=\toks18
\dt@b=\toks19
)
(/usr/local/texlive/2015/texmf-dist/tex/latex/tools/varioref.sty
Package: varioref 2014/10/28 v1.5a package for extended references (FMi)
\c@vrcnt=\count129
)
(/usr/local/texlive/2015/texmf-dist/tex/latex/ms/ragged2e.sty
Package: ragged2e 2009/05/21 v2.1 ragged2e Package (MS)

(/usr/local/texlive/2015/texmf-dist/tex/latex/ms/everysel.sty
Package: everysel 2011/10/28 v1.2 EverySelectfont Package (MS)
)
\CenteringLeftskip=\skip51
\RaggedLeftLeftskip=\skip52
\RaggedRightLeftskip=\skip53
\CenteringRightskip=\skip54
\RaggedLeftRightskip=\skip55
\RaggedRightRightskip=\skip56
\CenteringParfillskip=\skip57
\RaggedLeftParfillskip=\skip58
\RaggedRightParfillskip=\skip59
\JustifyingParfillskip=\skip60
\CenteringParindent=\skip61
\RaggedLeftParindent=\skip62
\RaggedRightParindent=\skip63
\JustifyingParindent=\skip64
)
(/usr/local/texlive/2015/texmf-dist/tex/latex/tools/array.sty
Package: array 2014/10/28 v2.4c Tabular extension package (FMi)
\col@sep=\dimen108
\extrarowheight=\dimen109
\NC@list=\toks20
\extratabsurround=\skip65
\backup@length=\skip66
)
(/usr/local/texlive/2015/texmf-dist/tex/latex/tools/tabularx.sty
Package: tabularx 2014/10/28 v2.10 `tabularx' package (DPC)
\TX@col@width=\dimen110
\TX@old@table=\dimen111
\TX@old@col=\dimen112
\TX@target=\dimen113
\TX@delta=\dimen114
\TX@cols=\count130
\TX@ftn=\toks21
)
(/usr/local/texlive/2015/texmf-dist/tex/latex/caption/subcaption.sty
Package: subcaption 2013/02/03 v1.1-62 Sub-captions (AR)

(/usr/local/texlive/2015/texmf-dist/tex/latex/caption/caption.sty
Package: caption 2013/05/02 v3.3-89 Customizing captions (AR)

(/usr/local/texlive/2015/texmf-dist/tex/latex/caption/caption3.sty
Package: caption3 2013/05/02 v1.6-88 caption3 kernel (AR)
Package caption3 Info: TeX engine: e-TeX on input line 57.
\captionmargin=\dimen115
\captionmargin@=\dimen116
\captionwidth=\dimen117
\caption@tempdima=\dimen118
\caption@indent=\dimen119
\caption@parindent=\dimen120
\caption@hangindent=\dimen121
)
Package caption Info: KOMA-Script document class.
\c@ContinuedFloat=\count131
Package caption Info: hyperref package is loaded.
)
\c@subfigure=\count132
\c@subtable=\count133
)
(/usr/local/texlive/2015/texmf-dist/tex/latex/tools/longtable.sty
Package: longtable 2014/10/28 v4.11 Multi-page Table package (DPC)
\LTleft=\skip67
\LTright=\skip68
\LTpre=\skip69
\LTpost=\skip70
\LTchunksize=\count134
\LTcapwidth=\dimen122
\LT@head=\box27
\LT@firsthead=\box28
\LT@foot=\box29
\LT@lastfoot=\box30
\LT@cols=\count135
\LT@rows=\count136
\c@LT@tables=\count137
\c@LT@chunks=\count138
\LT@p@ftn=\toks22
)
Class scrreprt Info: longtable captions redefined on input line 74.

(/usr/local/texlive/2015/texmf-dist/tex/latex/tools/dcolumn.sty
Package: dcolumn 2014/10/28 v1.06 decimal alignment package (DPC)
)
(/usr/local/texlive/2015/texmf-dist/tex/latex/booktabs/booktabs.sty
Package: booktabs 2005/04/14 v1.61803 publication quality tables
\heavyrulewidth=\dimen123
\lightrulewidth=\dimen124
\cmidrulewidth=\dimen125
\belowrulesep=\dimen126
\belowbottomsep=\dimen127
\aboverulesep=\dimen128
\abovetopsep=\dimen129
\cmidrulesep=\dimen130
\cmidrulekern=\dimen131
\defaultaddspace=\dimen132
\@cmidla=\count139
\@cmidlb=\count140
\@aboverulesep=\dimen133
\@belowrulesep=\dimen134
\@thisruleclass=\count141
\@lastruleclass=\count142
\@thisrulewidth=\dimen135
)
(/usr/local/texlive/2015/texmf-dist/tex/latex/rotating/rotating.sty
Package: rotating 2009/03/28 v2.16a rotated objects in LaTeX

(/usr/local/texlive/2015/texmf-dist/tex/latex/graphics/graphicx.sty
Package: graphicx 2014/10/28 v1.0g Enhanced LaTeX Graphics (DPC,SPQR)

(/usr/local/texlive/2015/texmf-dist/tex/latex/graphics/graphics.sty
Package: graphics 2014/10/28 v1.0p Standard LaTeX Graphics (DPC,SPQR)

(/usr/local/texlive/2015/texmf-dist/tex/latex/graphics/trig.sty
Package: trig 1999/03/16 v1.09 sin cos tan (DPC)
)
(/usr/local/texlive/2015/texmf-dist/tex/latex/latexconfig/graphics.cfg
File: graphics.cfg 2010/04/23 v1.9 graphics configuration of TeX Live
)
Package graphics Info: Driver file: pdftex.def on input line 94.
)
\Gin@req@height=\dimen136
\Gin@req@width=\dimen137
)
\c@r@tfl@t=\count143
\rotFPtop=\skip71
\rotFPbot=\skip72
\rot@float@box=\box31
\rot@mess@toks=\toks23
)
(/usr/local/texlive/2015/texmf-dist/tex/latex/tools/layout.sty
Package: layout 2014/10/28 v1.2c Show layout parameters
\oneinch=\count144
\cnt@paperwidth=\count145
\cnt@paperheight=\count146
\cnt@hoffset=\count147
\cnt@voffset=\count148
\cnt@textheight=\count149
\cnt@textwidth=\count150
\cnt@topmargin=\count151
\cnt@oddsidemargin=\count152
\cnt@evensidemargin=\count153
\cnt@headheight=\count154
\cnt@headsep=\count155
\cnt@marginparsep=\count156
\cnt@marginparwidth=\count157
\cnt@marginparpush=\count158
\cnt@footskip=\count159
\fheight=\count160
\ref@top=\count161
\ref@hoffset=\count162
\ref@voffset=\count163
\ref@head=\count164
\ref@body=\count165
\ref@foot=\count166
\ref@margin=\count167
\ref@marginwidth=\count168
\ref@marginpar=\count169
\Interval=\count170
\ExtraYPos=\count171
\PositionX=\count172
\PositionY=\count173
\ArrowLength=\count174
)
No file PCDB_codebook_header.aux.
\openout1 = `PCDB_codebook_header.aux'.

LaTeX Font Info:    Checking defaults for OML/cmm/m/it on input line 123.
LaTeX Font Info:    ... okay on input line 123.
LaTeX Font Info:    Checking defaults for T1/cmr/m/n on input line 123.
LaTeX Font Info:    ... okay on input line 123.
LaTeX Font Info:    Checking defaults for OT1/cmr/m/n on input line 123.
LaTeX Font Info:    ... okay on input line 123.
LaTeX Font Info:    Checking defaults for OMS/cmsy/m/n on input line 123.
LaTeX Font Info:    ... okay on input line 123.
LaTeX Font Info:    Checking defaults for OMX/cmex/m/n on input line 123.
LaTeX Font Info:    ... okay on input line 123.
LaTeX Font Info:    Checking defaults for U/cmr/m/n on input line 123.
LaTeX Font Info:    ... okay on input line 123.
LaTeX Font Info:    Checking defaults for PD1/pdf/m/n on input line 123.
LaTeX Font Info:    ... okay on input line 123.
\AtBeginShipoutBox=\box32
Package backref Info: ** backref set up for natbib ** on input line 123.
Package hyperref Info: Link coloring OFF on input line 123.
(/usr/local/texlive/2015/texmf-dist/tex/latex/hyperref/nameref.sty
Package: nameref 2012/10/27 v2.43 Cross-referencing by name of section

(/usr/local/texlive/2015/texmf-dist/tex/generic/oberdiek/gettitlestring.sty
Package: gettitlestring 2010/12/03 v1.4 Cleanup title references (HO)
)
\c@section@level=\count175
LaTeX Info: Redefining \Ref on input line 513.
)
LaTeX Info: Redefining \ref on input line 123.
LaTeX Info: Redefining \pageref on input line 123.
LaTeX Info: Redefining \nameref on input line 123.
\@outlinefile=\write3
\openout3 = `PCDB_codebook_header.out'.

LaTeX Info: Redefining \Ref on input line 123.

(/usr/local/texlive/2015/texmf-dist/tex/context/base/supp-pdf.mkii
[Loading MPS to PDF converter (version 2006.09.02).]
\scratchcounter=\count176
\scratchdimen=\dimen138
\scratchbox=\box33
\nofMPsegments=\count177
\nofMParguments=\count178
\everyMPshowfont=\toks24
\MPscratchCnt=\count179
\MPscratchDim=\dimen139
\MPnumerator=\count180
\makeMPintoPDFobject=\count181
\everyMPtoPDFconversion=\toks25
)
Package scrdate Info: \dategerman not defined.
(scrdate)             \todaysname probably cannot use \dayname@german.
Package scrdate Info: \datengerman not defined.
(scrdate)             \todaysname probably cannot use \dayname@ngerman.
Package scrdate Info: \dateswissgerman not defined.
(scrdate)             \todaysname probably cannot use \dayname@swissgerman.
Package scrdate Info: \dateamerican not defined.
(scrdate)             \todaysname probably cannot use \dayname@american.
Package scrdate Info: \datebritish not defined.
(scrdate)             \todaysname probably cannot use \dayname@british.
Package scrdate Info: \dateenglish not defined.
(scrdate)             \todaysname probably cannot use \dayname@english.
Package scrdate Info: \dateUKenglish not defined.
(scrdate)             \todaysname probably cannot use \dayname@UKenglish.
Package scrdate Info: \dateUSenglish not defined.
(scrdate)             \todaysname probably cannot use \dayname@USenglish.
Package scrdate Info: \datefrancais not defined.
(scrdate)             \todaysname probably cannot use \dayname@francais.
Package scrdate Info: \datefrench not defined.
(scrdate)             \todaysname probably cannot use \dayname@french.
Package scrdate Info: \dateitalian not defined.
(scrdate)             \todaysname probably cannot use \dayname@italian.
Package scrdate Info: \datespanish not defined.
(scrdate)             \todaysname probably cannot use \dayname@spanish.
Package scrdate Info: \datecroatian not defined.
(scrdate)             \todaysname probably cannot use \dayname@croatian.
Package scrdate Info: \datedutch not defined.
(scrdate)             \todaysname probably cannot use \dayname@dutch.
Package scrdate Info: \datefinnish not defined.
(scrdate)             \todaysname probably cannot use \dayname@finnish.
Package scrdate Info: \datenorsk not defined.
(scrdate)             \todaysname probably cannot use \dayname@norsk.
Package scrdate Info: \datedanish not defined.
(scrdate)             \todaysname probably cannot use \dayname@danish.
Package scrdate Info: \dateswedish not defined.
(scrdate)             \todaysname probably cannot use \dayname@swedish.
Package scrdate Info: \datepolish not defined.
(scrdate)             \todaysname probably cannot use \dayname@polish.
Package scrdate Info: \dateczech not defined.
(scrdate)             \todaysname probably cannot use \dayname@czech.
Package scrdate Info: \dateslovak not defined.
(scrdate)             \todaysname probably cannot use \dayname@slovak.
 ABD: EverySelectfont initializing macros
LaTeX Info: Redefining \selectfont on input line 123.
Package caption Info: Begin \AtBeginDocument code.
Package caption Info: longtable package is loaded.

(/usr/local/texlive/2015/texmf-dist/tex/latex/caption/ltcaption.sty
Package: ltcaption 2013/02/03 v1.3-62 longtable captions (AR)
)
Package caption Info: rotating package is loaded.
Package caption Info: End \AtBeginDocument code.

(/usr/local/texlive/2015/texmf-dist/tex/latex/oberdiek/epstopdf-base.sty
Package: epstopdf-base 2010/02/09 v2.5 Base part for package epstopdf

(/usr/local/texlive/2015/texmf-dist/tex/latex/oberdiek/grfext.sty
Package: grfext 2010/08/19 v1.1 Manage graphics extensions (HO)
)
Package grfext Info: Graphics extension search list:
(grfext)             [.png,.pdf,.jpg,.mps,.jpeg,.jbig2,.jb2,.PNG,.PDF,.JPG,.JPE
G,.JBIG2,.JB2,.eps]
(grfext)             \AppendGraphicsExtensions on input line 452.

(/usr/local/texlive/2015/texmf-dist/tex/latex/latexconfig/epstopdf-sys.cfg
File: epstopdf-sys.cfg 2010/07/13 v1.3 Configuration of (r)epstopdf for TeX Liv
e
))
(./PCDB_codebook_structure.tex

LaTeX Font Warning: Font shape `OT1/cmss/bx/n' in size <40> not available
(Font)              size <24.88> substituted on input line 3.

LaTeX Font Info:    External font `cmex10' loaded for size
(Font)              <17.28> on input line 3.
LaTeX Font Info:    External font `cmex10' loaded for size
(Font)              <12> on input line 3.
[1



{/usr/local/texlive/2015/texmf-var/fonts/map/pdftex/updmap/pdftex.map}]

Package hyperref Warning: old toc file detected, not used; run LaTeX again.

\tf@toc=\write4
\openout4 = `PCDB_codebook_header.toc'.

[2

]

Package hyperref Warning: old lot file detected, not used; run LaTeX again.

\tf@lot=\write5
\openout5 = `PCDB_codebook_header.lot'.

(./chap_introduction.tex [3

]
Chapter 1.
LaTeX Font Info:    External font `cmex10' loaded for size
(Font)              <8> on input line 3.
LaTeX Font Info:    External font `cmex10' loaded for size
(Font)              <6> on input line 3.
[4

]) (./chap_tables.tex
Chapter 2.
LaTeX Font Info:    External font `cmex10' loaded for size
(Font)              <7> on input line 5.
LaTeX Font Info:    External font `cmex10' loaded for size
(Font)              <5> on input line 5.

LaTeX Warning: Reference `Chapter_Views' on page 5 undefined on input line 17.

) [5

] (./sec_country.tex (./tab_countries_in_PCDB.tex)
(./tab_longtable_header.tex) (./tab_country.tex

Package natbib Warning: Citation `ISOwebsite' on page 6 undefined on input line
 3.


LaTeX Warning: Reference `country_cite_ISO' on page 6 undefined on input line 4
.


LaTeX Warning: Reference `country_cite_ISO' on page 6 undefined on input line 5
.


Package natbib Warning: Citation `EUwebsite:member_countries' on page 6 undefin
ed on input line 6.


Package natbib Warning: Citation `OECDwebsite:members&partners' on page 6 undef
ined on input line 7.


Package natbib Warning: Citation `WTOwebsite:members&observers' on page 6 undef
ined on input line 8.

) [6]) [7] (./sec_cabinet.tex

LaTeX Warning: Reference `tab_cabinet_portfolios' on page 8 undefined on input 
line 13.


Package natbib Warning: Citation `Woldendrop_et_al2000' on page 8 undefined on 
input line 15.


Package natbib Warning: Citation `EJPR_PDY' on page 8 undefined on input line 1
5.

[8] (./tab_longtable_header.tex) (./tab_cabinet.tex)) [9]
(./sec_cabinet_portfolios.tex

LaTeX Warning: Reference `sec_cabinet' on page 10 undefined on input line 7.


Package natbib Warning: Citation `Woldendrop_et_al2000' on page 10 undefined on
 input line 15.


Package natbib Warning: Citation `EJPR_PDY' on page 10 undefined on input line 
15.

(./tab_longtable_header.tex) (./tab_cabinet_portfolios.tex
Missing character: There is no â in font cmr12!
Missing character: There is no € in font cmr12!
Missing character: There is no ™ in font cmr12!
)) [10]
(./sec_lower_house.tex

LaTeX Warning: Reference `tab_lower_house_seat_results' on page 11 undefined on
 input line 12.


LaTeX Warning: Reference `sec_party' on page 11 undefined on input line 24.


LaTeX Warning: Reference `sec_view_lower_house' on page 11 undefined on input l
ine 25.

[11] (./tab_longtable_header.tex) (./tab_lower_house.tex

Package natbib Warning: Citation `Laakso&Taagepera1979' on page 12 undefined on
 input line 8.


Package natbib Warning: Citation `Abou-Chadi2014' on page 12 undefined on input
 line 11.

)) [12] (./sec_lh_election.tex

LaTeX Warning: Reference `sec_lower_house' on page 13 undefined on input line 2
.


Package natbib Warning: Citation `Nohlen2001' on page 13 undefined on input lin
e 6.


Package natbib Warning: Citation `Nohlen2005' on page 13 undefined on input lin
e 6.


Package natbib Warning: Citation `Nohlen2010' on page 13 undefined on input lin
e 6.


Package natbib Warning: Citation `Nohlen2001' on page 13 undefined on input lin
e 26.


Package natbib Warning: Citation `Nohlen2005' on page 13 undefined on input lin
e 26.


Package natbib Warning: Citation `Nohlen2010' on page 13 undefined on input lin
e 26.

(./tab_longtable_header.tex) (./tab_lh_election.tex

Package natbib Warning: Citation `Carey&Hix2011' on page 13 undefined on input 
line 17.


Package natbib Warning: Citation `Carey&Hix2008' on page 13 undefined on input 
line 18.

[13] [14]

Package natbib Warning: Citation `Gallagher1991' on page 15 undefined on input 
line 44.


Package natbib Warning: Citation `Gallagher1992' on page 15 undefined on input 
line 44.


Package natbib Warning: Citation `Powell&Tucker2013' on page 15 undefined on in
put line 45.


Package natbib Warning: Citation `Powell&Tucker2013' on page 15 undefined on in
put line 46.


LaTeX Warning: Reference `a_volatitlity' on page 15 undefined on input line 47.



LaTeX Warning: Reference `b_volatitlity' on page 15 undefined on input line 48.


) [15] [16]) [17] (./sec_lower_house_vote_results.tex

Package natbib Warning: Citation `Nohlen2001' on page 18 undefined on input lin
e 5.


Package natbib Warning: Citation `Nohlen2001' on page 18 undefined on input lin
e 5.


Package natbib Warning: Citation `Nohlen2005' on page 18 undefined on input lin
e 5.


Package natbib Warning: Citation `Nohlen2010' on page 18 undefined on input lin
e 5.


LaTeX Warning: Reference `tab_lh_election' on page 18 undefined on input line 5
.

(./tab_longtable_header.tex) (./tab_lower_house_vote_results.tex
Missing character: There is no â in font cmr12!
Missing character: There is no € in font cmr12!
Missing character: There is no ™ in font cmr12!
Missing character: There is no â in font cmr12!
Missing character: There is no € in font cmr12!
Missing character: There is no ™ in font cmr12!
)) [18]
(./sec_lower_house_seat_results.tex

Package natbib Warning: Citation `Nohlen2001' on page 19 undefined on input lin
e 5.


Package natbib Warning: Citation `Nohlen2001' on page 19 undefined on input lin
e 5.


Package natbib Warning: Citation `Nohlen2005' on page 19 undefined on input lin
e 5.


Package natbib Warning: Citation `Nohlen2010' on page 19 undefined on input lin
e 5.


LaTeX Warning: Reference `tab_lh_election' on page 19 undefined on input line 5
.

(./tab_longtable_header.tex) (./tab_lower_house_seat_results.tex
Missing character: There is no â in font cmr12!
Missing character: There is no € in font cmr12!
Missing character: There is no ™ in font cmr12!
Missing character: There is no â in font cmr12!
Missing character: There is no € in font cmr12!
Missing character: There is no ™ in font cmr12!
Missing character: There is no â in font cmr12!
Missing character: There is no € in font cmr12!
Missing character: There is no ™ in font cmr12!
)) [19]
(./sec_upper_house.tex (./tab_longtable_header.tex) (./tab_upper_house.tex))
[20] (./sec_uh_election.tex (./tab_longtable_header.tex) (./tab_uh_election.tex
)) [21] (./sec_upper_house_seat_results.tex

Package natbib Warning: Citation `Nohlen2001' on page 22 undefined on input lin
e 5.


Package natbib Warning: Citation `Nohlen2001' on page 22 undefined on input lin
e 5.


Package natbib Warning: Citation `Nohlen2005' on page 22 undefined on input lin
e 5.


Package natbib Warning: Citation `Nohlen2010' on page 22 undefined on input lin
e 5.


LaTeX Warning: Reference `tab_uh_election' on page 22 undefined on input line 6
.

(./tab_longtable_header.tex) (./tab_upper_house_seat_results.tex
Missing character: There is no â in font cmr12!
Missing character: There is no € in font cmr12!
Missing character: There is no ™ in font cmr12!
Missing character: There is no â in font cmr12!
Missing character: There is no € in font cmr12!
Missing character: There is no ™ in font cmr12!
)) [22]
(./sec_presidential_election.tex (./tab_longtable_header.tex)
(./tab_presidential_election.tex
Missing character: There is no â in font cmr12!
Missing character: There is no € in font cmr12!
Missing character: There is no ™ in font cmr12!
) [23]) [24]
(./sec_presidential_election_vote_results.tex (./tab_longtable_header.tex)
(./tab_presidential_election_vote_results.tex
Missing character: There is no â in font cmr12!
Missing character: There is no € in font cmr12!
Missing character: There is no ™ in font cmr12!
)) [25] (./sec_veto_points.tex
Missing character: There is no â in font cmr12!
Missing character: There is no € in font cmr12!
Missing character: There is no ™ in font cmr12!


LaTeX Warning: Reference `sec_view_configuration' on page 26 undefined on input
 line 12.


Package natbib Warning: Citation `Ismayr2003' on page 26 undefined on input lin
e 22.


Package natbib Warning: Citation `Ismayr2004' on page 26 undefined on input lin
e 22.


Package natbib Warning: Citation `Immergut_et_al2006' on page 26 undefined on i
nput line 22.

(./tab_longtable_header.tex) (./tab_veto_points.tex) [26]) [27]
(./sec_party.tex

Package natbib Warning: Citation `ManifestoData2013' on page 28 undefined on in
put line 7.


Package natbib Warning: Citation `ParlGov2012' on page 28 undefined on input li
ne 7.

(./tab_longtable_header.tex) (./tab_party.tex

Package natbib Warning: Citation `ManifestoData2013' on page 28 undefined on in
put line 5.


Package natbib Warning: Citation `ParlGov2012' on page 28 undefined on input li
ne 6.


Package natbib Warning: Citation `CLEA2014' on page 28 undefined on input line 
10.

) [28]) [29] (./sec_electoral_alliances.tex

LaTeX Warning: Reference `tab_party' on page 30 undefined on input line 2.


LaTeX Warning: Reference `tab_electoral_alliances' on page 30 undefined on inpu
t line 2.


LaTeX Warning: Reference `tab_party' on page 30 undefined on input line 4.


LaTeX Warning: Reference `tab_electoral_alliances' on page 30 undefined on inpu
t line 5.

(./tab_example_electoral_alliances.tex

LaTeX Font Warning: Font shape `OT1/cmtt/m/n' in size <8.5> not available
(Font)              size <8> substituted on input line 5.

)

LaTeX Warning: Reference `tab_party' on page 30 undefined on input line 16.


LaTeX Warning: Reference `tab_party' on page 30 undefined on input line 19.

(./tab_longtable_header.tex) (./tab_electoral_alliances.tex) [30]) [31]
(./chap_views.tex
Chapter 3.
) [32

] (./sec_view_configuration.tex

LaTeX Warning: Reference `tab_cabinet' on page 33 undefined on input line 5.


LaTeX Warning: Reference `tab_lower_house' on page 33 undefined on input line 6
.


LaTeX Warning: Reference `tab_upper_house' on page 33 undefined on input line 7
.


LaTeX Warning: Reference `tab_presidential_election' on page 33 undefined on in
put line 8.


LaTeX Warning: Reference `tab_veto_points' on page 33 undefined on input line 2
9.

[33]

LaTeX Warning: Reference `tab_veto_points' on page 34 undefined on input line 3
4.

(./tab_longtable_header.tex) (./tab_view_configuration.tex) [34] [35]) [36]
(./sec_view_configuration_country-years.tex

LaTeX Warning: Reference `tab_view_configuration' on page 37 undefined on input
 line 3.


LaTeX Warning: Reference `sec_view_configuration' on page 37 undefined on input
 line 3.

(./tab_example_configuration_weights.tex) [37]) [38]
(./sec_view_lower_house.tex

LaTeX Warning: Reference `tab_lower_house_vote_results' on page 39 undefined on
 input line 2.


LaTeX Warning: Reference `tab_lower_house_seat_results' on page 39 undefined on
 input line 2.


LaTeX Warning: Reference `ENPP_equ' on page 39 undefined on input line 17.


LaTeX Warning: Reference `tab_lower_house_vote_results' on page 39 undefined on
 input line 17.


LaTeX Warning: Reference `tab_lower_house_seat_results' on page 39 undefined on
 input line 17.


Package natbib Warning: Citation `Laakso&Taagepera1979' on page 39 undefined on
 input line 19.


LaTeX Warning: Reference `sec_party' on page 39 undefined on input line 25.


Package natbib Warning: Citation `Gallagher&Mitchell2005' on page 39 undefined 
on input line 28.

[39]

LaTeX Warning: Reference `sec_party' on page 40 undefined on input line 33.

Missing character: There is no â in font cmr10!
Missing character: There is no ‰ in font cmr10!
Missing character: There is no   in font cmr10!
(./tab_longtable_header.tex) (./tab_view_lower_house.tex

Package natbib Warning: Citation `Laakso&Taagepera1979' on page 40 undefined on
 input line 10.


LaTeX Warning: Reference `ENPP_equ' on page 40 undefined on input line 10.


Package natbib Warning: Citation `Laakso&Taagepera1979' on page 40 undefined on
 input line 11.


LaTeX Warning: Reference `ENPP_equ_minfrag' on page 40 undefined on input line 
11.


Package natbib Warning: Citation `Laakso&Taagepera1979' on page 40 undefined on
 input line 12.


Package natbib Warning: Citation `Gallagher&Mitchell2005' on page 40 undefined 
on input line 12.


LaTeX Warning: Reference `ENPP_equ_maxfrag' on page 40 undefined on input line 
12.


Package natbib Warning: Citation `Abou-Chadi2014' on page 40 undefined on input
 line 13.

) [40]) [41] (./sec_view_lh_election.tex

LaTeX Warning: Reference `tab_lh_election' on page 42 undefined on input line 2
.


Package natbib Warning: Citation `Lijphart1994' on page 42 undefined on input l
ine 8.


Package natbib Warning: Citation `Taagepera2002' on page 42 undefined on input 
line 13.


Package natbib Warning: Citation `Gallagher1991' on page 42 undefined on input 
line 24.


Package natbib Warning: Citation `Powell&Tucker2013' on page 42 undefined on in
put line 34.

[42]

Package natbib Warning: Citation `Powell&Tucker2013' on page 43 undefined on in
put line 37.

(./tab_longtable_header.tex) (./tab_view_lh_election.tex

Package natbib Warning: Citation `Carey&Hix2011' on page 43 undefined on input 
line 17.


Package natbib Warning: Citation `Carey&Hix2008' on page 43 undefined on input 
line 18.


Package natbib Warning: Citation `Gallagher1991' on page 43 undefined on input 
line 24.


Package natbib Warning: Citation `Gallagher1992' on page 43 undefined on input 
line 24.


LaTeX Warning: Reference `GallgherLSQ_view' on page 43 undefined on input line 
25.


LaTeX Warning: Reference `GallgherLSQ_view' on page 43 undefined on input line 
26.


Package natbib Warning: Citation `Powell&Tucker2013' on page 43 undefined on in
put line 27.


Package natbib Warning: Citation `Powell&Tucker2013' on page 43 undefined on in
put line 28.


LaTeX Warning: Reference `a_volatitlity_view' on page 43 undefined on input lin
e 29.


LaTeX Warning: Reference `b_volatitlity_view' on page 43 undefined on input lin
e 30.


Package natbib Warning: Citation `Lijphart1994' on page 43 undefined on input l
ine 31.


Package natbib Warning: Citation `Taagepera2002' on page 43 undefined on input 
line 32.


LaTeX Warning: Reference `cite_Taagepera' on page 43 undefined on input line 33
.

) [43] [44]

Package longtable Warning: Column widths have changed
(longtable)                in table 3.3 on input line 63.

) [45] (./sec_view_lh_election_party_results.tex

LaTeX Warning: Reference `Section_View_Lower_House' on page 46 undefined on inp
ut line 4.

(./tab_longtable_header.tex) (./tab_view_lh_election_party_results.tex
Underfull \hbox (badness 10000) in paragraph at lines 11--11
[]| 
 []

)) [46] (./PCDB_codebook_references.tex (./PCDB_codebook_header.bbl
(./PCDB_codebook_header.brf)
\tf@brf=\write6
\openout6 = `PCDB_codebook_header.brf'.


Chapter 4.
Missing character: There is no â in font cmr12!
Missing character: There is no € in font cmr12!
Missing character: There is no “ in font cmr12!
[47

]
Underfull \hbox (badness 10000) in paragraph at lines 112--112
\OT1/cmr/bx/n/12 URL: []$\OT1/cmr/m/it/12 http : / / www . oecd . org / about /
 membersandpartners / list-[]oecd-[]member-[]countries .
 []

)))

Package natbib Warning: There were undefined citations.


Package longtable Warning: Table widths have changed. Rerun LaTeX.

Package atveryend Info: Empty hook `BeforeClearDocument' on input line 130.
[48]
Package atveryend Info: Empty hook `AfterLastShipout' on input line 130.
 (./PCDB_codebook_header.aux

Package natbib Warning: Citation(s) may have changed.
(natbib)                Rerun to get citations correct.

)
Package atveryend Info: Executing hook `AtVeryEndDocument' on input line 130.
Package atveryend Info: Executing hook `AtEndAfterFileList' on input line 130.


Package rerunfilecheck Warning: File `PCDB_codebook_header.out' has changed.
(rerunfilecheck)                Rerun to get outlines right
(rerunfilecheck)                or use package `bookmark'.

Package rerunfilecheck Info: Checksums for `PCDB_codebook_header.out':
(rerunfilecheck)             Before: <no file>
(rerunfilecheck)             After:  0973D7B6CB93E5C6CE20D88D2392A806;1477.

Package rerunfilecheck Warning: File `PCDB_codebook_header.brf' has changed.
(rerunfilecheck)                Rerun to get bibliographical references right.

Package rerunfilecheck Info: Checksums for `PCDB_codebook_header.brf':
(rerunfilecheck)             Before: 7541D79AA8405F40A4130962338BBCA3;3648
(rerunfilecheck)             After:  D41D8CD98F00B204E9800998ECF8427E;0.

LaTeX Font Warning: Size substitutions with differences
(Font)              up to 15.12pt have occurred.


LaTeX Warning: There were undefined references.


LaTeX Warning: Label(s) may have changed. Rerun to get cross-references right.

Package atveryend Info: Empty hook `AtVeryVeryEnd' on input line 130.
 ) 
Here is how much of TeX's memory you used:
 11836 strings out of 493089
 187873 string characters out of 6134842
 388537 words of memory out of 5000000
 14744 multiletter control sequences out of 15000+600000
 11260 words of font info for 40 fonts, out of 8000000 for 9000
 1141 hyphenation exceptions out of 8191
 65i,17n,106p,1002b,529s stack positions out of 5000i,500n,10000p,200000b,80000s
pdfTeX warning (dest): name{Hfootnote.40} has been referenced but does not ex
ist, replaced by a fixed one

pdfTeX warning (dest): name{Hfootnote.39} has been referenced but does not exis
t, replaced by a fixed one

pdfTeX warning (dest): name{Hfootnote.38} has been referenced but does not exis
t, replaced by a fixed one

pdfTeX warning (dest): name{Hfootnote.37} has been referenced but does not exis
t, replaced by a fixed one

pdfTeX warning (dest): name{Hfootnote.36} has been referenced but does not exis
t, replaced by a fixed one

pdfTeX warning (dest): name{Hfootnote.35} has been referenced but does not exis
t, replaced by a fixed one

pdfTeX warning (dest): name{Hfootnote.34} has been referenced but does not exis
t, replaced by a fixed one

pdfTeX warning (dest): name{Hfootnote.33} has been referenced but does not exis
t, replaced by a fixed one

pdfTeX warning (dest): name{Hfootnote.32} has been referenced but does not exis
t, replaced by a fixed one

pdfTeX warning (dest): name{Hfootnote.31} has been referenced but does not exis
t, replaced by a fixed one

pdfTeX warning (dest): name{Hfootnote.30} has been referenced but does not exis
t, replaced by a fixed one

pdfTeX warning (dest): name{Hfootnote.21} has been referenced but does not exis
t, replaced by a fixed one

pdfTeX warning (dest): name{Hfootnote.20} has been referenced but does not exis
t, replaced by a fixed one

pdfTeX warning (dest): name{Hfootnote.19} has been referenced but does not exis
t, replaced by a fixed one

pdfTeX warning (dest): name{Hfootnote.18} has been referenced but does not exis
t, replaced by a fixed one

pdfTeX warning (dest): name{Hfootnote.17} has been referenced but does not exis
t, replaced by a fixed one

pdfTeX warning (dest): name{Hfootnote.14} has been referenced but does not exis
t, replaced by a fixed one

pdfTeX warning (dest): name{Hfootnote.13} has been referenced but does not exis
t, replaced by a fixed one

pdfTeX warning (dest): name{Hfootnote.12} has been referenced but does not exis
t, replaced by a fixed one

pdfTeX warning (dest): name{Hfootnote.11} has been referenced but does not exis
t, replaced by a fixed one

pdfTeX warning (dest): name{Hfootnote.10} has been referenced but does not exis
t, replaced by a fixed one

pdfTeX warning (dest): name{Hfootnote.7} has been referenced but does not exist
, replaced by a fixed one

pdfTeX warning (dest): name{Hfootnote.6} has been referenced but does not exist
, replaced by a fixed one

pdfTeX warning (dest): name{Hfootnote.5} has been referenced but does not exist
, replaced by a fixed one

pdfTeX warning (dest): name{Hfootnote.4} has been referenced but does not exist
, replaced by a fixed one

pdfTeX warning (dest): name{Hfootnote.3} has been referenced but does not exist
, replaced by a fixed one

pdfTeX warning (dest): name{Hfootnote.2} has been referenced but does not exist
, replaced by a fixed one

</usr/local/texlive/2015/texmf-dist/fonts/type1/public/amsfonts/cm/cmbx10.pfb><
/usr/local/texlive/2015/texmf-dist/fonts/type1/public/amsfonts/cm/cmbx12.pfb></
usr/local/texlive/2015/texmf-dist/fonts/type1/public/amsfonts/cm/cmbx8.pfb></us
r/local/texlive/2015/texmf-dist/fonts/type1/public/amsfonts/cm/cmbxti10.pfb></u
sr/local/texlive/2015/texmf-dist/fonts/type1/public/amsfonts/cm/cmex10.pfb></us
r/local/texlive/2015/texmf-dist/fonts/type1/public/amsfonts/cm/cmmi10.pfb></usr
/local/texlive/2015/texmf-dist/fonts/type1/public/amsfonts/cm/cmmi12.pfb></usr/
local/texlive/2015/texmf-dist/fonts/type1/public/amsfonts/cm/cmmi7.pfb></usr/lo
cal/texlive/2015/texmf-dist/fonts/type1/public/amsfonts/cm/cmmi8.pfb></usr/loca
l/texlive/2015/texmf-dist/fonts/type1/public/amsfonts/cm/cmr10.pfb></usr/local/
texlive/2015/texmf-dist/fonts/type1/public/amsfonts/cm/cmr12.pfb></usr/local/te
xlive/2015/texmf-dist/fonts/type1/public/amsfonts/cm/cmr17.pfb></usr/local/texl
ive/2015/texmf-dist/fonts/type1/public/amsfonts/cm/cmr6.pfb></usr/local/texlive
/2015/texmf-dist/fonts/type1/public/amsfonts/cm/cmr7.pfb></usr/local/texlive/20
15/texmf-dist/fonts/type1/public/amsfonts/cm/cmr8.pfb></usr/local/texlive/2015/
texmf-dist/fonts/type1/public/amsfonts/cm/cmsl12.pfb></usr/local/texlive/2015/t
exmf-dist/fonts/type1/public/amsfonts/cm/cmssbx10.pfb></usr/local/texlive/2015/
texmf-dist/fonts/type1/public/amsfonts/cm/cmsy10.pfb></usr/local/texlive/2015/t
exmf-dist/fonts/type1/public/amsfonts/cm/cmsy8.pfb></usr/local/texlive/2015/tex
mf-dist/fonts/type1/public/amsfonts/cm/cmti12.pfb></usr/local/texlive/2015/texm
f-dist/fonts/type1/public/amsfonts/cm/cmtt10.pfb></usr/local/texlive/2015/texmf
-dist/fonts/type1/public/amsfonts/cm/cmtt8.pfb>
Output written on PCDB_codebook_header.pdf (48 pages, 359489 bytes).
PDF statistics:
 669 PDF objects out of 1000 (max. 8388607)
 591 compressed objects within 6 object streams
 247 named destinations out of 1000 (max. 500000)
 1 words of extra memory for PDF output out of 10000 (max. 10000000)

