\BOOKMARK [0][-]{chapter.1}{Introduction}{}% 1
\BOOKMARK [0][-]{chapter.2}{Tables}{}% 2
\BOOKMARK [1][-]{section.2.1}{Country}{chapter.2}% 3
\BOOKMARK [1][-]{section.2.2}{Cabinet}{chapter.2}% 4
\BOOKMARK [1][-]{section.2.3}{Cabinet\040Portfolios}{chapter.2}% 5
\BOOKMARK [1][-]{section.2.4}{Lower\040House}{chapter.2}% 6
\BOOKMARK [1][-]{section.2.5}{Lower\040House\040Election}{chapter.2}% 7
\BOOKMARK [1][-]{section.2.6}{Lower\040House\040Vote\040Results}{chapter.2}% 8
\BOOKMARK [1][-]{section.2.7}{Lower\040House\040Seat\040Results}{chapter.2}% 9
\BOOKMARK [1][-]{section.2.8}{Upper\040House}{chapter.2}% 10
\BOOKMARK [1][-]{section.2.9}{Upper\040House\040Election}{chapter.2}% 11
\BOOKMARK [1][-]{section.2.10}{Upper\040House\040Seat\040Results}{chapter.2}% 12
\BOOKMARK [1][-]{section.2.11}{Presidential\040Election}{chapter.2}% 13
\BOOKMARK [1][-]{section.2.12}{Presidential\040Election\040Vote\040Results}{chapter.2}% 14
\BOOKMARK [1][-]{section.2.13}{Veto\040Points}{chapter.2}% 15
\BOOKMARK [1][-]{section.2.14}{Party}{chapter.2}% 16
\BOOKMARK [1][-]{section.2.15}{Electoral\040Alliances}{chapter.2}% 17
\BOOKMARK [0][-]{chapter.3}{Views}{}% 18
\BOOKMARK [1][-]{section.3.1}{Configuration}{chapter.3}% 19
\BOOKMARK [1][-]{section.3.2}{Configuration\040Country-Years}{chapter.3}% 20
\BOOKMARK [1][-]{section.3.3}{Lower\040House}{chapter.3}% 21
\BOOKMARK [1][-]{section.3.4}{Lower\040House\040Election}{chapter.3}% 22
\BOOKMARK [1][-]{section.3.5}{Lower\040House\040Election\040Party\040Results}{chapter.3}% 23
\BOOKMARK [0][-]{chapter.4}{Bibliography}{}% 24
