\BOOKMARK [0][-]{chapter.1}{Introduction}{}% 1
\BOOKMARK [0][-]{chapter.2}{Query\040for\040data\040in\040the\040PCDB}{}% 2
\BOOKMARK [1][-]{section.2.1}{Access\040to\040the\040PCDB}{chapter.2}% 3
\BOOKMARK [2][-]{subsection.2.1.1}{Roles\040in\040the\040PCDB}{section.2.1}% 4
\BOOKMARK [1][-]{section.2.2}{Query\040for\040data\040from\040Tables\040and\040Views}{chapter.2}% 5
\BOOKMARK [0][-]{chapter.3}{Programming\040the\040PCDB}{}% 6
\BOOKMARK [1][-]{section.3.1}{Tables\040in\040the\040config_data\040scheme}{chapter.3}% 7
\BOOKMARK [2][-]{subsection.3.1.1}{Country}{section.3.1}% 8
\BOOKMARK [2][-]{subsection.3.1.2}{Cabinet}{section.3.1}% 9
\BOOKMARK [2][-]{subsection.3.1.3}{Cabinet\040Portfolios}{section.3.1}% 10
\BOOKMARK [2][-]{subsection.3.1.4}{Lower\040House}{section.3.1}% 11
\BOOKMARK [2][-]{subsection.3.1.5}{Lower\040House\040Election}{section.3.1}% 12
\BOOKMARK [2][-]{subsection.3.1.6}{Lower\040House\040Vote\040Results}{section.3.1}% 13
\BOOKMARK [2][-]{subsection.3.1.7}{Lower\040House\040Seat\040Results}{section.3.1}% 14
\BOOKMARK [2][-]{subsection.3.1.8}{Upper\040House}{section.3.1}% 15
\BOOKMARK [2][-]{subsection.3.1.9}{Upper\040House\040Election}{section.3.1}% 16
\BOOKMARK [2][-]{subsection.3.1.10}{Upper\040House\040Seat\040Results}{section.3.1}% 17
\BOOKMARK [2][-]{subsection.3.1.11}{Presidential\040Election}{section.3.1}% 18
\BOOKMARK [1][-]{section.3.2}{Presidential\040Election\040Vote\040Results}{chapter.3}% 19
\BOOKMARK [2][-]{subsection.3.2.1}{Veto\040Points}{section.3.2}% 20
\BOOKMARK [2][-]{subsection.3.2.2}{Party}{section.3.2}% 21
\BOOKMARK [2][-]{subsection.3.2.3}{Electoral\040Alliances}{section.3.2}% 22
\BOOKMARK [1][-]{section.3.3}{Views\040in\040the\040config_data\040scheme}{chapter.3}% 23
\BOOKMARK [2][-]{subsection.3.3.1}{Cabinet's\040Seat\040Share\040in\040the\040Lower\040House}{section.3.3}% 24
\BOOKMARK [2][-]{subsection.3.3.2}{Cabinet's\040Seat\040Share\040in\040the\040Upper\040House}{section.3.3}% 25
\BOOKMARK [2][-]{subsection.3.3.3}{Cabinet's\040Total\040Number\040of\040Seats}{section.3.3}% 26
\BOOKMARK [2][-]{subsection.3.3.4}{Number\040of\040Cabinet\040Parties}{section.3.3}% 27
\BOOKMARK [2][-]{subsection.3.3.5}{Configuration\040Events}{section.3.3}% 28
\BOOKMARK [2][-]{subsection.3.3.6}{Configuration\040Year\040Duplicates}{section.3.3}% 29
\BOOKMARK [2][-]{subsection.3.3.7}{Configuration\040Duration\040in\040Year}{section.3.3}% 30
\BOOKMARK [2][-]{subsection.3.3.8}{Configuration\040Weight\040in\040Year}{section.3.3}% 31
\BOOKMARK [2][-]{subsection.3.3.9}{Configuration\040Cohabitation}{section.3.3}% 32
\BOOKMARK [2][-]{subsection.3.3.10}{Partisan\040Veto\040Players}{section.3.3}% 33
\BOOKMARK [2][-]{subsection.3.3.11}{Lower\040House\040Veto}{section.3.3}% 34
\BOOKMARK [2][-]{subsection.3.3.12}{Upper\040House\040Veto}{section.3.3}% 35
\BOOKMARK [2][-]{subsection.3.3.13}{Presidents'\040Veto}{section.3.3}% 36
\BOOKMARK [2][-]{subsection.3.3.14}{Judiciary's\040Veto}{section.3.3}% 37
\BOOKMARK [2][-]{subsection.3.3.15}{Electorate's\040Veto}{section.3.3}% 38
\BOOKMARK [2][-]{subsection.3.3.16}{Territorial\040Units'\040Veto}{section.3.3}% 39
\BOOKMARK [2][-]{subsection.3.3.17}{Lower\040House\040Total\040Seats}{section.3.3}% 40
\BOOKMARK [2][-]{subsection.3.3.18}{Effective\040Number\040of\040Parties\040in\040Parliament,\040Minimum\040Fragmentation}{section.3.3}% 41
\BOOKMARK [2][-]{subsection.3.3.19}{Effective\040Number\040of\040Parties\040in\040Parliament,\040Maximum\040Fragmentation}{section.3.3}% 42
\BOOKMARK [2][-]{subsection.3.3.20}{ENPP\040Adjustment\040Parameter\040\(m\)}{section.3.3}% 43
\BOOKMARK [2][-]{subsection.3.3.21}{Others\040and\040Independents}{section.3.3}% 44
\BOOKMARK [2][-]{subsection.3.3.22}{Lower\040House\040Election\040Effective\040Thresholds}{section.3.3}% 45
\BOOKMARK [2][-]{subsection.3.3.23}{Lower\040House\040Election\040Disproportionality,\040Gallagher's\040LSq}{section.3.3}% 46
\BOOKMARK [2][-]{subsection.3.3.24}{Type\040A\040Volatility\040in\040Lower\040House\040Seat\040Shares}{section.3.3}% 47
\BOOKMARK [2][-]{subsection.3.3.25}{Type\040B\040Volatility\040in\040Lower\040House\040Seat\040Shares}{section.3.3}% 48
\BOOKMARK [2][-]{subsection.3.3.26}{Type\040A\040Volatility\040in\040Lower\040House\040Vote\040Shares}{section.3.3}% 49
\BOOKMARK [2][-]{subsection.3.3.27}{Type\040B\040Volatility\040in\040Lower\040House\040Vote\040Shares}{section.3.3}% 50
\BOOKMARK [2][-]{subsection.3.3.28}{Lower\040House\040Election\040Registered\040Voters}{section.3.3}% 51
\BOOKMARK [2][-]{subsection.3.3.29}{Party's\040Total\040Seats\040in\040the\040Lower\040House}{section.3.3}% 52
\BOOKMARK [2][-]{subsection.3.3.30}{Party's\040Seat\040Share\040in\040the\040Lower\040House}{section.3.3}% 53
\BOOKMARK [2][-]{subsection.3.3.31}{Party's\040Seat\040Share\040in\040the\040Upper\040House}{section.3.3}% 54
\BOOKMARK [1][-]{section.3.4}{Materialized\040view\040Configuration\040Events}{chapter.3}% 55
\BOOKMARK [1][-]{section.3.5}{Views\040in\040the\040public\040scheme}{chapter.3}% 56
\BOOKMARK [2][-]{subsection.3.5.1}{Configuration}{section.3.5}% 57
\BOOKMARK [2][-]{subsection.3.5.2}{Configuration\040Country-Years}{section.3.5}% 58
\BOOKMARK [1][-]{section.3.6}{Triggers}{chapter.3}% 59
\BOOKMARK [2][-]{subsection.3.6.1}{Identify\040previous\040institution-configurations\040within\040countries}{section.3.6}% 60
\BOOKMARK [2][-]{subsection.3.6.2}{Identify\040next\040institution-configurations\040within\040countries}{section.3.6}% 61
\BOOKMARK [2][-]{subsection.3.6.3}{Identify\040end\040dates\040of\040political\040configurations}{section.3.6}% 62
\BOOKMARK [2][-]{subsection.3.6.4}{Selecting\040corresponding\040institution\040identifiers\040within\040political\040configurations}{section.3.6}% 63
\BOOKMARK [2][-]{subsection.3.6.5}{Integrity\040and\040consistency\040of\040materialized\040view\040Configuration\040Events}{section.3.6}% 64
\BOOKMARK [3][-]{subsubsection.3.6.5.1}{Defining\040tables\040and\040functions\040that\040underlie\040the\040trigger-structure}{subsection.3.6.5}% 65
\BOOKMARK [3][-]{subsubsection.3.6.5.2}{Implementing\040trigger-structure\040on\040base-tables}{subsection.3.6.5}% 66
\BOOKMARK [3][-]{subsubsection.3.6.5.3}{Summarizing\040the\040trigger-structure}{subsection.3.6.5}% 67
\BOOKMARK [1][-]{section.3.7}{Consistency\040Checks}{chapter.3}% 68
\BOOKMARK [2][-]{subsection.3.7.1}{CC\040Cabinet\040start\040date}{section.3.7}% 69
\BOOKMARK [2][-]{subsection.3.7.2}{CC\040Lower\040House\040start\040date}{section.3.7}% 70
\BOOKMARK [2][-]{subsection.3.7.3}{CC\040President\040start\040date}{section.3.7}% 71
\BOOKMARK [2][-]{subsection.3.7.4}{CC\040Upper\040House\040start\040date}{section.3.7}% 72
\BOOKMARK [2][-]{subsection.3.7.5}{CC\040Institution\040start\040and\040election\040dates\040summary\040statistics}{section.3.7}% 73
\BOOKMARK [2][-]{subsection.3.7.6}{CC\040Country\040time-series}{section.3.7}% 74
\BOOKMARK [2][-]{subsection.3.7.7}{CC\040Lower\040House\040election\040parties'\040seat\040records\040missing}{section.3.7}% 75
\BOOKMARK [2][-]{subsection.3.7.8}{CC\040Party\040seat\040results\040in\040Lower\040House\040elections}{section.3.7}% 76
\BOOKMARK [2][-]{subsection.3.7.9}{CC\040Lower\040House\040total\040seats}{section.3.7}% 77
\BOOKMARK [2][-]{subsection.3.7.10}{CC\040Lower\040House\040election\040total\040seats}{section.3.7}% 78
\BOOKMARK [2][-]{subsection.3.7.11}{CC\040Lower\040House\040Election\040Seat\040A\040Volatility}{section.3.7}% 79
\BOOKMARK [2][-]{subsection.3.7.12}{CC\040Lower\040House\040Election\040Seat\040B\040Volatility}{section.3.7}% 80
\BOOKMARK [2][-]{subsection.3.7.13}{CC\040Lower\040House\040election\040vote\040records\040and\040seat\040results\040missing}{section.3.7}% 81
\BOOKMARK [2][-]{subsection.3.7.14}{CC\040Lower\040House\040election\040vote\040records\040missing}{section.3.7}% 82
\BOOKMARK [2][-]{subsection.3.7.15}{CC\040Lower\040House\040Election\040Vote\040A\040Volatility}{section.3.7}% 83
\BOOKMARK [2][-]{subsection.3.7.16}{CC\040Lower\040House\040Election\040Vote\040B\040Volatility}{section.3.7}% 84
\BOOKMARK [2][-]{subsection.3.7.17}{CC\040Lower\040House\040Election\040Seat\040B\040Volatility}{section.3.7}% 85
\BOOKMARK [2][-]{subsection.3.7.18}{CC\040Cabinet\040Head\040of\040Government}{section.3.7}% 86
\BOOKMARK [2][-]{subsection.3.7.19}{CC\040Head\040of\040State\040and\040cabinet\040in\040cohabitation}{section.3.7}% 87
\BOOKMARK [2][-]{subsection.3.7.20}{CC\040Upper\040House\040seat\040records\040missing}{section.3.7}% 88
\BOOKMARK [2][-]{subsection.3.7.21}{CC\040Cabinet's\040Lower\040House\040seat\040share}{section.3.7}% 89
\BOOKMARK [2][-]{subsection.3.7.22}{CC\040Cabinet's\040Upper\040House\040seat\040share}{section.3.7}% 90
\BOOKMARK [2][-]{subsection.3.7.23}{CC\040Lower\040House\040and\040corresponding\040election}{section.3.7}% 91
\BOOKMARK [2][-]{subsection.3.7.24}{CC\040LSq\040missing}{section.3.7}% 92
\BOOKMARK [2][-]{subsection.3.7.25}{CC\040`Othersw'-excluding\040LSq\040missing}{section.3.7}% 93
\BOOKMARK [2][-]{subsection.3.7.26}{CC\040President\040candidates'\040electoral\040collage\040votes}{section.3.7}% 94
\BOOKMARK [1][-]{section.3.8}{Keeping\040the\040PCDB\040updated}{chapter.3}% 95
\BOOKMARK [2][-]{subsection.3.8.1}{Insert}{section.3.8}% 96
\BOOKMARK [2][-]{subsection.3.8.2}{Update}{section.3.8}% 97
\BOOKMARK [0][-]{chapter.4}{Bibliography}{}% 98
\BOOKMARK [0][-]{chapter.5}{Appendix}{}% 99
\BOOKMARK [1][-]{section.5.1}{Details\040on\040Trigger\040functions}{chapter.5}% 100
\BOOKMARK [2][-]{subsection.5.1.1}{Description\040of\040Triggers\040to\040Identify\040Previous\040Instituion-Configrations}{section.5.1}% 101
\BOOKMARK [2][-]{subsection.5.1.2}{Description\040of\040Triggers\040to\040Identify\040Next\040Instituion-Configrations}{section.5.1}% 102
\BOOKMARK [2][-]{subsection.5.1.3}{Description\040of\040Triggers\040that\040Insert\040Corresponding\040Identifiers\040in\040Political\040Configurations}{section.5.1}% 103
\BOOKMARK [2][-]{subsection.5.1.4}{Description\040of\040Triggers\040that\040Execute\040Refresh\040of\040Materialized\040View\040Configuration\040Events}{section.5.1}% 104
\BOOKMARK [1][-]{section.5.2}{Overview\040of\040variables\040in\040Tables}{chapter.5}% 105
